2025-07-19T22:36:32.565-0500 [DEBUG] [org.gradle.launcher.daemon.bootstrap.DaemonMain] Assuming the daemon was started with following jvm opts: [-XX:MaxMetaspaceSize=384m, -XX:+HeapDumpOnOutOfMemoryError, -Xms256m, -Xmx512m, -Dfile.encoding=windows-1252, -Duser.country=US, -Duser.language=en, -Duser.variant]
2025-07-19T22:36:32.783-0500 [DEBUG] [org.gradle.internal.remote.internal.inet.InetAddresses] Adding IP addresses for network interface Software Loopback Interface 1
2025-07-19T22:36:32.786-0500 [DEBUG] [org.gradle.internal.remote.internal.inet.InetAddresses] Is this a loopback interface? true
2025-07-19T22:36:32.787-0500 [DEBUG] [org.gradle.internal.remote.internal.inet.InetAddresses] Adding loopback address /127.0.0.1
2025-07-19T22:36:32.787-0500 [DEBUG] [org.gradle.internal.remote.internal.inet.InetAddresses] Adding loopback address /0:0:0:0:0:0:0:1
2025-07-19T22:36:32.788-0500 [DEBUG] [org.gradle.internal.remote.internal.inet.InetAddresses] Adding IP addresses for network interface Microsoft 6to4 Adapter
2025-07-19T22:36:32.790-0500 [DEBUG] [org.gradle.internal.remote.internal.inet.InetAddresses] Is this a loopback interface? false
2025-07-19T22:36:32.790-0500 [DEBUG] [org.gradle.internal.remote.internal.inet.InetAddresses] Adding IP addresses for network interface WAN Miniport (L2TP)
2025-07-19T22:36:32.793-0500 [DEBUG] [org.gradle.internal.remote.internal.inet.InetAddresses] Is this a loopback interface? false
2025-07-19T22:36:32.793-0500 [DEBUG] [org.gradle.internal.remote.internal.inet.InetAddresses] Adding IP addresses for network interface MediaTek Wi-Fi 6 MT7921 Wireless LAN Card
2025-07-19T22:36:32.796-0500 [DEBUG] [org.gradle.internal.remote.internal.inet.InetAddresses] Is this a loopback interface? false
2025-07-19T22:36:32.796-0500 [DEBUG] [org.gradle.internal.remote.internal.inet.InetAddresses] Adding remote address /192.168.1.15
2025-07-19T22:36:32.796-0500 [DEBUG] [org.gradle.internal.remote.internal.inet.InetAddresses] Adding remote address /2800:e6:1000:2a33:116c:54e4:56ab:8d2c
2025-07-19T22:36:32.796-0500 [DEBUG] [org.gradle.internal.remote.internal.inet.InetAddresses] Adding remote address /2800:e6:1000:2a33:ec97:a8e7:f7cc:70f2
2025-07-19T22:36:32.797-0500 [DEBUG] [org.gradle.internal.remote.internal.inet.InetAddresses] Adding remote address /fe80:0:0:0:8bc2:9f1:75c0:159c%wlan0
2025-07-19T22:36:32.797-0500 [DEBUG] [org.gradle.internal.remote.internal.inet.InetAddresses] Adding IP addresses for network interface Microsoft IP-HTTPS Platform Adapter
2025-07-19T22:36:32.799-0500 [DEBUG] [org.gradle.internal.remote.internal.inet.InetAddresses] Is this a loopback interface? false
2025-07-19T22:36:32.800-0500 [DEBUG] [org.gradle.internal.remote.internal.inet.InetAddresses] Adding IP addresses for network interface WAN Miniport (PPPOE)
2025-07-19T22:36:32.802-0500 [DEBUG] [org.gradle.internal.remote.internal.inet.InetAddresses] Is this a loopback interface? false
2025-07-19T22:36:32.802-0500 [DEBUG] [org.gradle.internal.remote.internal.inet.InetAddresses] Adding IP addresses for network interface Realtek(R) USB GbE Family Controller
2025-07-19T22:36:32.804-0500 [DEBUG] [org.gradle.internal.remote.internal.inet.InetAddresses] Is this a loopback interface? false
2025-07-19T22:36:32.805-0500 [DEBUG] [org.gradle.internal.remote.internal.inet.InetAddresses] Adding IP addresses for network interface Microsoft Wi-Fi Direct Virtual Adapter
2025-07-19T22:36:32.807-0500 [DEBUG] [org.gradle.internal.remote.internal.inet.InetAddresses] Is this a loopback interface? false
2025-07-19T22:36:32.807-0500 [DEBUG] [org.gradle.internal.remote.internal.inet.InetAddresses] Adding remote address /fe80:0:0:0:80de:5e45:95cf:5fde%wlan1
2025-07-19T22:36:32.807-0500 [DEBUG] [org.gradle.internal.remote.internal.inet.InetAddresses] Adding IP addresses for network interface WAN Miniport (IPv6)
2025-07-19T22:36:32.809-0500 [DEBUG] [org.gradle.internal.remote.internal.inet.InetAddresses] Is this a loopback interface? false
2025-07-19T22:36:32.810-0500 [DEBUG] [org.gradle.internal.remote.internal.inet.InetAddresses] Adding IP addresses for network interface WAN Miniport (Network Monitor)
2025-07-19T22:36:32.812-0500 [DEBUG] [org.gradle.internal.remote.internal.inet.InetAddresses] Is this a loopback interface? false
2025-07-19T22:36:32.812-0500 [DEBUG] [org.gradle.internal.remote.internal.inet.InetAddresses] Adding IP addresses for network interface WAN Miniport (IP)
2025-07-19T22:36:32.814-0500 [DEBUG] [org.gradle.internal.remote.internal.inet.InetAddresses] Is this a loopback interface? false
2025-07-19T22:36:32.815-0500 [DEBUG] [org.gradle.internal.remote.internal.inet.InetAddresses] Adding IP addresses for network interface Microsoft Teredo Tunneling Adapter
2025-07-19T22:36:32.817-0500 [DEBUG] [org.gradle.internal.remote.internal.inet.InetAddresses] Is this a loopback interface? false
2025-07-19T22:36:32.817-0500 [DEBUG] [org.gradle.internal.remote.internal.inet.InetAddresses] Adding IP addresses for network interface Microsoft Wi-Fi Direct Virtual Adapter #2
2025-07-19T22:36:32.819-0500 [DEBUG] [org.gradle.internal.remote.internal.inet.InetAddresses] Is this a loopback interface? false
2025-07-19T22:36:32.820-0500 [DEBUG] [org.gradle.internal.remote.internal.inet.InetAddresses] Adding remote address /fe80:0:0:0:edc4:be4:4acd:47d7%wlan2
2025-07-19T22:36:32.820-0500 [DEBUG] [org.gradle.internal.remote.internal.inet.InetAddresses] Adding IP addresses for network interface Microsoft Wi-Fi Direct Virtual Adapter-QoS Packet Scheduler-0000
2025-07-19T22:36:32.822-0500 [DEBUG] [org.gradle.internal.remote.internal.inet.InetAddresses] Is this a loopback interface? false
2025-07-19T22:36:32.822-0500 [DEBUG] [org.gradle.internal.remote.internal.inet.InetAddresses] Adding IP addresses for network interface WAN Miniport (PPTP)
2025-07-19T22:36:32.824-0500 [DEBUG] [org.gradle.internal.remote.internal.inet.InetAddresses] Is this a loopback interface? false
2025-07-19T22:36:32.825-0500 [DEBUG] [org.gradle.internal.remote.internal.inet.InetAddresses] Adding IP addresses for network interface WAN Miniport (SSTP)
2025-07-19T22:36:32.827-0500 [DEBUG] [org.gradle.internal.remote.internal.inet.InetAddresses] Is this a loopback interface? false
2025-07-19T22:36:32.827-0500 [DEBUG] [org.gradle.internal.remote.internal.inet.InetAddresses] Adding IP addresses for network interface Microsoft Kernel Debug Network Adapter
2025-07-19T22:36:32.829-0500 [DEBUG] [org.gradle.internal.remote.internal.inet.InetAddresses] Is this a loopback interface? false
2025-07-19T22:36:32.829-0500 [DEBUG] [org.gradle.internal.remote.internal.inet.InetAddresses] Adding IP addresses for network interface Microsoft Wi-Fi Direct Virtual Adapter-WFP Native MAC Layer LightWeight Filter-0000
2025-07-19T22:36:32.832-0500 [DEBUG] [org.gradle.internal.remote.internal.inet.InetAddresses] Is this a loopback interface? false
2025-07-19T22:36:32.832-0500 [DEBUG] [org.gradle.internal.remote.internal.inet.InetAddresses] Adding IP addresses for network interface Bluetooth Device (Personal Area Network)
2025-07-19T22:36:32.834-0500 [DEBUG] [org.gradle.internal.remote.internal.inet.InetAddresses] Is this a loopback interface? false
2025-07-19T22:36:32.834-0500 [DEBUG] [org.gradle.internal.remote.internal.inet.InetAddresses] Adding remote address /fe80:0:0:0:413a:11fa:6604:5566%eth5
2025-07-19T22:36:32.834-0500 [DEBUG] [org.gradle.internal.remote.internal.inet.InetAddresses] Adding IP addresses for network interface WAN Miniport (IKEv2)
2025-07-19T22:36:32.837-0500 [DEBUG] [org.gradle.internal.remote.internal.inet.InetAddresses] Is this a loopback interface? false
2025-07-19T22:36:32.837-0500 [DEBUG] [org.gradle.internal.remote.internal.inet.InetAddresses] Adding IP addresses for network interface Microsoft Wi-Fi Direct Virtual Adapter-WFP 802.3 MAC Layer LightWeight Filter-0000
2025-07-19T22:36:32.839-0500 [DEBUG] [org.gradle.internal.remote.internal.inet.InetAddresses] Is this a loopback interface? false
2025-07-19T22:36:32.839-0500 [DEBUG] [org.gradle.internal.remote.internal.inet.InetAddresses] Adding IP addresses for network interface Hyper-V Virtual Switch Extension Adapter
2025-07-19T22:36:32.841-0500 [DEBUG] [org.gradle.internal.remote.internal.inet.InetAddresses] Is this a loopback interface? false
2025-07-19T22:36:32.842-0500 [DEBUG] [org.gradle.internal.remote.internal.inet.InetAddresses] Adding IP addresses for network interface Hyper-V Virtual Switch Extension Adapter-Hyper-V Virtual Switch Extension Filter-0000
2025-07-19T22:36:32.844-0500 [DEBUG] [org.gradle.internal.remote.internal.inet.InetAddresses] Is this a loopback interface? false
2025-07-19T22:36:32.844-0500 [DEBUG] [org.gradle.internal.remote.internal.inet.InetAddresses] Adding IP addresses for network interface MediaTek Wi-Fi 6 MT7921 Wireless LAN Card-WFP Native MAC Layer LightWeight Filter-0000
2025-07-19T22:36:32.846-0500 [DEBUG] [org.gradle.internal.remote.internal.inet.InetAddresses] Is this a loopback interface? false
2025-07-19T22:36:32.846-0500 [DEBUG] [org.gradle.internal.remote.internal.inet.InetAddresses] Adding IP addresses for network interface MediaTek Wi-Fi 6 MT7921 Wireless LAN Card-Virtual WiFi Filter Driver-0000
2025-07-19T22:36:32.849-0500 [DEBUG] [org.gradle.internal.remote.internal.inet.InetAddresses] Is this a loopback interface? false
2025-07-19T22:36:32.849-0500 [DEBUG] [org.gradle.internal.remote.internal.inet.InetAddresses] Adding IP addresses for network interface MediaTek Wi-Fi 6 MT7921 Wireless LAN Card-Native WiFi Filter Driver-0000
2025-07-19T22:36:32.851-0500 [DEBUG] [org.gradle.internal.remote.internal.inet.InetAddresses] Is this a loopback interface? false
2025-07-19T22:36:32.851-0500 [DEBUG] [org.gradle.internal.remote.internal.inet.InetAddresses] Adding IP addresses for network interface MediaTek Wi-Fi 6 MT7921 Wireless LAN Card-QoS Packet Scheduler-0000
2025-07-19T22:36:32.854-0500 [DEBUG] [org.gradle.internal.remote.internal.inet.InetAddresses] Is this a loopback interface? false
2025-07-19T22:36:32.854-0500 [DEBUG] [org.gradle.internal.remote.internal.inet.InetAddresses] Adding IP addresses for network interface MediaTek Wi-Fi 6 MT7921 Wireless LAN Card-WFP 802.3 MAC Layer LightWeight Filter-0000
2025-07-19T22:36:32.856-0500 [DEBUG] [org.gradle.internal.remote.internal.inet.InetAddresses] Is this a loopback interface? false
2025-07-19T22:36:32.857-0500 [DEBUG] [org.gradle.internal.remote.internal.inet.InetAddresses] Adding IP addresses for network interface Microsoft Wi-Fi Direct Virtual Adapter-Native WiFi Filter Driver-0000
2025-07-19T22:36:32.859-0500 [DEBUG] [org.gradle.internal.remote.internal.inet.InetAddresses] Is this a loopback interface? false
2025-07-19T22:36:32.859-0500 [DEBUG] [org.gradle.internal.remote.internal.inet.InetAddresses] Adding IP addresses for network interface Hyper-V Virtual Ethernet Adapter
2025-07-19T22:36:32.861-0500 [DEBUG] [org.gradle.internal.remote.internal.inet.InetAddresses] Is this a loopback interface? false
2025-07-19T22:36:32.861-0500 [DEBUG] [org.gradle.internal.remote.internal.inet.InetAddresses] Adding remote address /192.168.32.1
2025-07-19T22:36:32.861-0500 [DEBUG] [org.gradle.internal.remote.internal.inet.InetAddresses] Adding remote address /fe80:0:0:0:5df5:d0e9:92de:23fd%eth8
2025-07-19T22:36:32.862-0500 [DEBUG] [org.gradle.internal.remote.internal.inet.InetAddresses] Adding IP addresses for network interface Hyper-V Virtual Ethernet Adapter-WFP Native MAC Layer LightWeight Filter-0000
2025-07-19T22:36:32.864-0500 [DEBUG] [org.gradle.internal.remote.internal.inet.InetAddresses] Is this a loopback interface? false
2025-07-19T22:36:32.864-0500 [DEBUG] [org.gradle.internal.remote.internal.inet.InetAddresses] Adding IP addresses for network interface Hyper-V Virtual Ethernet Adapter-QoS Packet Scheduler-0000
2025-07-19T22:36:32.866-0500 [DEBUG] [org.gradle.internal.remote.internal.inet.InetAddresses] Is this a loopback interface? false
2025-07-19T22:36:32.866-0500 [DEBUG] [org.gradle.internal.remote.internal.inet.InetAddresses] Adding IP addresses for network interface Hyper-V Virtual Ethernet Adapter-WFP 802.3 MAC Layer LightWeight Filter-0000
2025-07-19T22:36:32.868-0500 [DEBUG] [org.gradle.internal.remote.internal.inet.InetAddresses] Is this a loopback interface? false
2025-07-19T22:36:32.868-0500 [DEBUG] [org.gradle.internal.remote.internal.inet.InetAddresses] Adding IP addresses for network interface Microsoft Wi-Fi Direct Virtual Adapter #2-WFP Native MAC Layer LightWeight Filter-0000
2025-07-19T22:36:32.871-0500 [DEBUG] [org.gradle.internal.remote.internal.inet.InetAddresses] Is this a loopback interface? false
2025-07-19T22:36:32.871-0500 [DEBUG] [org.gradle.internal.remote.internal.inet.InetAddresses] Adding IP addresses for network interface Microsoft Wi-Fi Direct Virtual Adapter #2-Native WiFi Filter Driver-0000
2025-07-19T22:36:32.873-0500 [DEBUG] [org.gradle.internal.remote.internal.inet.InetAddresses] Is this a loopback interface? false
2025-07-19T22:36:32.873-0500 [DEBUG] [org.gradle.internal.remote.internal.inet.InetAddresses] Adding IP addresses for network interface Microsoft Wi-Fi Direct Virtual Adapter #2-QoS Packet Scheduler-0000
2025-07-19T22:36:32.875-0500 [DEBUG] [org.gradle.internal.remote.internal.inet.InetAddresses] Is this a loopback interface? false
2025-07-19T22:36:32.875-0500 [DEBUG] [org.gradle.internal.remote.internal.inet.InetAddresses] Adding IP addresses for network interface Microsoft Wi-Fi Direct Virtual Adapter #2-WFP 802.3 MAC Layer LightWeight Filter-0000
2025-07-19T22:36:32.877-0500 [DEBUG] [org.gradle.internal.remote.internal.inet.InetAddresses] Is this a loopback interface? false
2025-07-19T22:36:32.878-0500 [DEBUG] [org.gradle.internal.remote.internal.inet.InetAddresses] Adding IP addresses for network interface WAN Miniport (IP)-WFP Native MAC Layer LightWeight Filter-0000
2025-07-19T22:36:32.880-0500 [DEBUG] [org.gradle.internal.remote.internal.inet.InetAddresses] Is this a loopback interface? false
2025-07-19T22:36:32.880-0500 [DEBUG] [org.gradle.internal.remote.internal.inet.InetAddresses] Adding IP addresses for network interface WAN Miniport (IP)-QoS Packet Scheduler-0000
2025-07-19T22:36:32.882-0500 [DEBUG] [org.gradle.internal.remote.internal.inet.InetAddresses] Is this a loopback interface? false
2025-07-19T22:36:32.882-0500 [DEBUG] [org.gradle.internal.remote.internal.inet.InetAddresses] Adding IP addresses for network interface WAN Miniport (IPv6)-WFP Native MAC Layer LightWeight Filter-0000
2025-07-19T22:36:32.884-0500 [DEBUG] [org.gradle.internal.remote.internal.inet.InetAddresses] Is this a loopback interface? false
2025-07-19T22:36:32.884-0500 [DEBUG] [org.gradle.internal.remote.internal.inet.InetAddresses] Adding IP addresses for network interface WAN Miniport (IPv6)-QoS Packet Scheduler-0000
2025-07-19T22:36:32.886-0500 [DEBUG] [org.gradle.internal.remote.internal.inet.InetAddresses] Is this a loopback interface? false
2025-07-19T22:36:32.887-0500 [DEBUG] [org.gradle.internal.remote.internal.inet.InetAddresses] Adding IP addresses for network interface WAN Miniport (Network Monitor)-WFP Native MAC Layer LightWeight Filter-0000
2025-07-19T22:36:32.889-0500 [DEBUG] [org.gradle.internal.remote.internal.inet.InetAddresses] Is this a loopback interface? false
2025-07-19T22:36:32.889-0500 [DEBUG] [org.gradle.internal.remote.internal.inet.InetAddresses] Adding IP addresses for network interface WAN Miniport (Network Monitor)-QoS Packet Scheduler-0000
2025-07-19T22:36:32.892-0500 [DEBUG] [org.gradle.internal.remote.internal.inet.InetAddresses] Is this a loopback interface? false
2025-07-19T22:36:32.919-0500 [DEBUG] [org.gradle.internal.nativeintegration.services.NativeServices] Native-platform posix files integration is not available. Continuing with fallback.
2025-07-19T22:36:32.949-0500 [INFO] [org.gradle.launcher.daemon.server.Daemon] start() called on daemon - DefaultDaemonContext[uid=6b85588f-c15b-4cf2-8444-021866f02b12,javaHome=C:\Program Files\Java\jdk-20.0.1,javaVersion=20,javaVendor=Oracle Corporation,daemonRegistryDir=C:\Users\Saram\IdeaProjects\Mobile\mobile_automation\daemon,pid=356,idleTimeout=10800000,priority=NORMAL,applyInstrumentationAgent=true,nativeServicesMode=ENABLED,daemonOpts=-XX:MaxMetaspaceSize=384m,-XX:+HeapDumpOnOutOfMemoryError,-Xms256m,-Xmx512m,-Dfile.encoding=windows-1252,-Duser.country=US,-Duser.language=en,-Duser.variant]
2025-07-19T22:36:33.026-0500 [DEBUG] [org.gradle.internal.remote.internal.inet.TcpIncomingConnector] Listening on [e26153a7-ea0f-4c25-94fc-6be4e6852a30 port:50852, addresses:[localhost/127.0.0.1]].
2025-07-19T22:36:33.049-0500 [DEBUG] [org.gradle.launcher.daemon.server.Daemon] Daemon starting at: Sat Jul 19 22:36:33 COT 2025, with address: [e26153a7-ea0f-4c25-94fc-6be4e6852a30 port:50852, addresses:[localhost/127.0.0.1]]
2025-07-19T22:36:33.049-0500 [INFO] [org.gradle.launcher.daemon.server.DaemonRegistryUpdater] Advertising the daemon address to the clients: [e26153a7-ea0f-4c25-94fc-6be4e6852a30 port:50852, addresses:[localhost/127.0.0.1]]
2025-07-19T22:36:33.049-0500 [DEBUG] [org.gradle.launcher.daemon.server.DaemonRegistryUpdater] Advertised daemon context: DefaultDaemonContext[uid=6b85588f-c15b-4cf2-8444-021866f02b12,javaHome=C:\Program Files\Java\jdk-20.0.1,javaVersion=20,javaVendor=Oracle Corporation,daemonRegistryDir=C:\Users\Saram\IdeaProjects\Mobile\mobile_automation\daemon,pid=356,idleTimeout=10800000,priority=NORMAL,applyInstrumentationAgent=true,nativeServicesMode=ENABLED,daemonOpts=-XX:MaxMetaspaceSize=384m,-XX:+HeapDumpOnOutOfMemoryError,-Xms256m,-Xmx512m,-Dfile.encoding=windows-1252,-Duser.country=US,-Duser.language=en,-Duser.variant]
2025-07-19T22:36:33.050-0500 [DEBUG] [org.gradle.launcher.daemon.registry.PersistentDaemonRegistry] Storing daemon address: [e26153a7-ea0f-4c25-94fc-6be4e6852a30 port:50852, addresses:[localhost/127.0.0.1]], context: DefaultDaemonContext[uid=6b85588f-c15b-4cf2-8444-021866f02b12,javaHome=C:\Program Files\Java\jdk-20.0.1,javaVersion=20,javaVendor=Oracle Corporation,daemonRegistryDir=C:\Users\Saram\IdeaProjects\Mobile\mobile_automation\daemon,pid=356,idleTimeout=10800000,priority=NORMAL,applyInstrumentationAgent=true,nativeServicesMode=ENABLED,daemonOpts=-XX:MaxMetaspaceSize=384m,-XX:+HeapDumpOnOutOfMemoryError,-Xms256m,-Xmx512m,-Dfile.encoding=windows-1252,-Duser.country=US,-Duser.language=en,-Duser.variant]
2025-07-19T22:36:33.062-0500 [DEBUG] [org.gradle.cache.internal.DefaultFileLockManager] Waiting to acquire exclusive lock on daemon addresses registry.
2025-07-19T22:36:33.068-0500 [DEBUG] [org.gradle.cache.internal.DefaultFileLockManager] Lock acquired on daemon addresses registry.
2025-07-19T22:36:33.074-0500 [DEBUG] [org.gradle.cache.internal.DefaultFileLockManager] Releasing lock on daemon addresses registry.
2025-07-19T22:36:33.075-0500 [LIFECYCLE] [org.gradle.launcher.daemon.server.Daemon] Daemon server started.
2025-07-19T22:36:33.076-0500 [DEBUG] [org.gradle.launcher.daemon.bootstrap.DaemonStartupCommunication] Completed writing the daemon greeting. Closing streams...
2025-07-19T22:36:33.088-0500 [DEBUG] [org.gradle.launcher.daemon.server.Daemon] stopOnExpiration() called on daemon
2025-07-19T22:36:33.088-0500 [DEBUG] [org.gradle.internal.remote.internal.inet.TcpIncomingConnector] Accepted connection from /127.0.0.1:50853 to /127.0.0.1:50852.
2025-07-19T22:36:33.090-0500 [DEBUG] [org.gradle.launcher.daemon.server.Daemon] awaitExpiration() called on daemon
2025-07-19T22:36:33.090-0500 [DEBUG] [org.gradle.launcher.daemon.server.DaemonStateCoordinator] daemon is running. Sleeping until state changes.
2025-07-19T22:36:33.220-0500 [DEBUG] [org.gradle.launcher.daemon.server.SynchronizedDispatchConnection] thread 33: received class org.gradle.launcher.daemon.protocol.Build
2025-07-19T22:36:33.220-0500 [DEBUG] [org.gradle.launcher.daemon.server.DefaultDaemonConnection] thread 33: Received non-IO message from client: Build{id=dbbbbf9d-a556-4106-8d7c-aa2bc9f6d002, currentDir=C:\Users\Saram\IdeaProjects\Mobile\mobile_automation}
2025-07-19T22:36:33.221-0500 [INFO] [org.gradle.launcher.daemon.server.DefaultIncomingConnectionHandler] Received command: Build{id=dbbbbf9d-a556-4106-8d7c-aa2bc9f6d002, currentDir=C:\Users\Saram\IdeaProjects\Mobile\mobile_automation}.
2025-07-19T22:36:33.221-0500 [DEBUG] [org.gradle.launcher.daemon.server.DefaultIncomingConnectionHandler] Starting executing command: Build{id=dbbbbf9d-a556-4106-8d7c-aa2bc9f6d002, currentDir=C:\Users\Saram\IdeaProjects\Mobile\mobile_automation} with connection: socket connection from /127.0.0.1:50852 to /127.0.0.1:50853.
2025-07-19T22:36:33.224-0500 [DEBUG] [org.gradle.launcher.daemon.server.DaemonStateCoordinator] Command execution: started DaemonCommandExecution[command = Build{id=dbbbbf9d-a556-4106-8d7c-aa2bc9f6d002, currentDir=C:\Users\Saram\IdeaProjects\Mobile\mobile_automation}, connection = DefaultDaemonConnection: socket connection from /127.0.0.1:50852 to /127.0.0.1:50853] after 0.0033833333333333337 minutes of idle
2025-07-19T22:36:33.225-0500 [INFO] [org.gradle.launcher.daemon.server.DaemonRegistryUpdater] Marking the daemon as busy, address: [e26153a7-ea0f-4c25-94fc-6be4e6852a30 port:50852, addresses:[localhost/127.0.0.1]]
2025-07-19T22:36:33.225-0500 [DEBUG] [org.gradle.launcher.daemon.registry.PersistentDaemonRegistry] Marking busy by address: [e26153a7-ea0f-4c25-94fc-6be4e6852a30 port:50852, addresses:[localhost/127.0.0.1]]
2025-07-19T22:36:33.226-0500 [DEBUG] [org.gradle.cache.internal.DefaultFileLockManager] Waiting to acquire exclusive lock on daemon addresses registry.
2025-07-19T22:36:33.226-0500 [DEBUG] [org.gradle.cache.internal.DefaultFileLockManager] Lock acquired on daemon addresses registry.
2025-07-19T22:36:33.228-0500 [DEBUG] [org.gradle.cache.internal.DefaultFileLockManager] Releasing lock on daemon addresses registry.
2025-07-19T22:36:33.228-0500 [DEBUG] [org.gradle.launcher.daemon.server.DaemonStateCoordinator] resetting idle timer
2025-07-19T22:36:33.228-0500 [DEBUG] [org.gradle.launcher.daemon.server.DaemonStateCoordinator] daemon is running. Sleeping until state changes.
2025-07-19T22:36:33.229-0500 [INFO] [org.gradle.launcher.daemon.server.exec.StartBuildOrRespondWithBusy] Daemon is about to start building Build{id=dbbbbf9d-a556-4106-8d7c-aa2bc9f6d002, currentDir=C:\Users\Saram\IdeaProjects\Mobile\mobile_automation}. Dispatching build started information...
2025-07-19T22:36:33.229-0500 [DEBUG] [org.gradle.launcher.daemon.server.SynchronizedDispatchConnection] thread 35: dispatching org.gradle.launcher.daemon.protocol.BuildStarted@42ba10bb
2025-07-19T22:36:33.232-0500 [DEBUG] [org.gradle.launcher.daemon.server.exec.EstablishBuildEnvironment] Configuring env variables: [USERDOMAIN_ROAMINGPROFILE, EFC_10080_1592913036, PROCESSOR_LEVEL, SESSIONNAME, ALLUSERSPROFILE, PROCESSOR_ARCHITECTURE, ANDROID_HOME, PSModulePath, SystemDrive, USERNAME, ProgramFiles(x86), FPS_BROWSER_USER_PROFILE_STRING, PATHEXT, DriverData, PyCharm Community Edition, ProgramData, ProgramW6432, HOMEPATH, PROCESSOR_IDENTIFIER, ProgramFiles, PUBLIC, EFC_10080_3789132940, windir, =::, LOCALAPPDATA, USERDOMAIN, LOGONSERVER, FPS_BROWSER_APP_PROFILE_STRING, JAVA_HOME, GRADLE_HOME, OneDrive, APPDATA, CommonProgramFiles, Path, OS, COMPUTERNAME, PROCESSOR_REVISION, CommonProgramW6432, ComSpec, TEMP, SystemRoot, HOMEDRIVE, EFC_10080_2775293581, USERPROFILE, TMP, CommonProgramFiles(x86), EFC_10080_1262719628, NUMBER_OF_PROCESSORS, EFC_10080_2283032206, IDEA_INITIAL_DIRECTORY]
2025-07-19T22:36:33.237-0500 [DEBUG] [org.gradle.launcher.daemon.server.exec.LogToClient] About to start relaying all logs to the client via the connection.
2025-07-19T22:36:33.238-0500 [INFO] [org.gradle.launcher.daemon.server.exec.LogToClient] The client will now receive all logging from the daemon (pid: 356). The daemon log file: C:\Users\Saram\IdeaProjects\Mobile\mobile_automation\daemon\8.14.3\daemon-356.out.log
2025-07-19T22:36:33.241-0500 [INFO] [org.gradle.launcher.daemon.server.exec.LogAndCheckHealth] Starting build in new daemon [memory: 512 MiB]
2025-07-19T22:36:33.243-0500 [DEBUG] [org.gradle.launcher.daemon.server.exec.ExecuteBuild] The daemon has started executing the build.
2025-07-19T22:36:33.243-0500 [DEBUG] [org.gradle.launcher.daemon.server.exec.ExecuteBuild] Executing build with daemon context: DefaultDaemonContext[uid=6b85588f-c15b-4cf2-8444-021866f02b12,javaHome=C:\Program Files\Java\jdk-20.0.1,javaVersion=20,javaVendor=Oracle Corporation,daemonRegistryDir=C:\Users\Saram\IdeaProjects\Mobile\mobile_automation\daemon,pid=356,idleTimeout=10800000,priority=NORMAL,applyInstrumentationAgent=true,nativeServicesMode=ENABLED,daemonOpts=-XX:MaxMetaspaceSize=384m,-XX:+HeapDumpOnOutOfMemoryError,-Xms256m,-Xmx512m,-Dfile.encoding=windows-1252,-Duser.country=US,-Duser.language=en,-Duser.variant]

[Incubating] Problems report is available at: file:///C:/Users/Saram/IdeaProjects/Mobile/mobile_automation/build/reports/problems/problems-report.html

Deprecated Gradle features were used in this build, making it incompatible with Gradle 9.0.

You can use '--warning-mode all' to show the individual deprecation warnings and determine if they come from your own scripts or plugins.

For more on this, please refer to https://docs.gradle.org/8.14.3/userguide/command_line_interface.html#sec:command_line_warnings in the Gradle documentation.

BUILD SUCCESSFUL in 2m 21s
2025-07-19T22:38:49.534-0500 [DEBUG] [org.gradle.launcher.daemon.server.exec.ExecuteBuild] The daemon has finished executing the build.
2025-07-19T22:38:49.552-0500 [DEBUG] [org.gradle.launcher.daemon.server.DaemonStateCoordinator] daemon is running. Sleeping until state changes.
2025-07-19T22:38:49.552-0500 [DEBUG] [org.gradle.launcher.daemon.server.DaemonStateCoordinator] Command execution: finished waiting for DaemonCommandExecution[command = Build{id=dbbbbf9d-a556-4106-8d7c-aa2bc9f6d002, currentDir=C:\Users\Saram\IdeaProjects\Mobile\mobile_automation}, connection = DefaultDaemonConnection: socket connection from /127.0.0.1:50852 to /127.0.0.1:50853]. Result org.gradle.launcher.daemon.server.DaemonStateCoordinator@5ef4df90 with state Busy
2025-07-19T22:38:49.552-0500 [DEBUG] [org.gradle.launcher.daemon.server.DaemonStateCoordinator] Command execution: completed DaemonCommandExecution[command = Build{id=dbbbbf9d-a556-4106-8d7c-aa2bc9f6d002, currentDir=C:\Users\Saram\IdeaProjects\Mobile\mobile_automation}, connection = DefaultDaemonConnection: socket connection from /127.0.0.1:50852 to /127.0.0.1:50853]
2025-07-19T22:38:49.553-0500 [DEBUG] [org.gradle.launcher.daemon.server.DaemonStateCoordinator] resetting idle timer
2025-07-19T22:38:49.553-0500 [INFO] [org.gradle.launcher.daemon.server.DaemonRegistryUpdater] Marking the daemon as idle, address: [e26153a7-ea0f-4c25-94fc-6be4e6852a30 port:50852, addresses:[localhost/127.0.0.1]]
2025-07-19T22:38:49.553-0500 [DEBUG] [org.gradle.launcher.daemon.registry.PersistentDaemonRegistry] Marking busy by address: [e26153a7-ea0f-4c25-94fc-6be4e6852a30 port:50852, addresses:[localhost/127.0.0.1]]
2025-07-19T22:38:49.555-0500 [DEBUG] [org.gradle.cache.internal.DefaultFileLockManager] Waiting to acquire exclusive lock on daemon addresses registry.
2025-07-19T22:38:49.555-0500 [DEBUG] [org.gradle.cache.internal.DefaultFileLockManager] Lock acquired on daemon addresses registry.
2025-07-19T22:38:49.557-0500 [DEBUG] [org.gradle.cache.internal.DefaultFileLockManager] Releasing lock on daemon addresses registry.
2025-07-19T22:38:49.558-0500 [DEBUG] [org.gradle.launcher.daemon.server.DaemonStateCoordinator] daemon is running. Sleeping until state changes.
2025-07-19T22:38:49.558-0500 [DEBUG] [org.gradle.launcher.daemon.server.exec.ReturnResult] Daemon is dispatching the build result: Success[value=org.gradle.launcher.exec.BuildActionResult@11cf1427]
2025-07-19T22:38:49.559-0500 [DEBUG] [org.gradle.launcher.daemon.server.SynchronizedDispatchConnection] thread 32: dispatching Success[value=org.gradle.launcher.exec.BuildActionResult@11cf1427]
2025-07-19T22:38:49.559-0500 [DEBUG] [org.gradle.launcher.daemon.server.SynchronizedDispatchConnection] thread 33: received class org.gradle.launcher.daemon.protocol.CloseInput
2025-07-19T22:38:49.559-0500 [DEBUG] [org.gradle.launcher.daemon.server.DefaultDaemonConnection] thread 33: Received IO message from client: org.gradle.launcher.daemon.protocol.CloseInput@5fd7dedb
2025-07-19T22:38:49.560-0500 [DEBUG] [org.gradle.launcher.daemon.server.SynchronizedDispatchConnection] thread 33: received class org.gradle.launcher.daemon.protocol.Finished
2025-07-19T22:38:49.560-0500 [DEBUG] [org.gradle.launcher.daemon.server.DefaultDaemonConnection] thread 33: Received non-IO message from client: org.gradle.launcher.daemon.protocol.Finished@1053ad7
2025-07-19T22:38:49.560-0500 [DEBUG] [org.gradle.internal.remote.internal.inet.SocketConnection] Discarding EOFException: java.io.EOFException
2025-07-19T22:38:49.560-0500 [DEBUG] [org.gradle.launcher.daemon.server.exec.CleanUpVirtualFileSystemAfterBuild] Cleaning virtual file system after build finished
2025-07-19T22:38:49.561-0500 [DEBUG] [org.gradle.launcher.daemon.server.DefaultIncomingConnectionHandler] Finishing executing command: Build{id=dbbbbf9d-a556-4106-8d7c-aa2bc9f6d002, currentDir=C:\Users\Saram\IdeaProjects\Mobile\mobile_automation}
2025-07-19T22:38:49.561-0500 [DEBUG] [org.gradle.launcher.daemon.server.SynchronizedDispatchConnection] thread 33: received null
2025-07-19T22:38:49.561-0500 [DEBUG] [org.gradle.launcher.daemon.server.DefaultIncomingConnectionHandler] Received finished message: org.gradle.launcher.daemon.protocol.Finished@1053ad7
2025-07-19T22:38:49.561-0500 [DEBUG] [org.gradle.launcher.daemon.server.DefaultDaemonConnection] thread 33: Received end-of-input from client.
2025-07-19T22:38:49.561-0500 [DEBUG] [org.gradle.launcher.daemon.server.SynchronizedDispatchConnection] thread 32: stopping connection
2025-07-19T22:38:49.563-0500 [DEBUG] [org.gradle.launcher.daemon.server.SynchronizedDispatchConnection] thread 32: stopping connection
2025-07-19T22:38:52.201-0500 [DEBUG] [org.gradle.process.internal.health.memory.DefaultMemoryManager] 1655834624 physical memory requested, 1296486400 free
2025-07-19T22:38:52.201-0500 [DEBUG] [org.gradle.workers.internal.WorkerDaemonExpiration] Will attempt to release 1579 of memory
2025-07-19T22:38:52.201-0500 [DEBUG] [org.gradle.process.internal.health.memory.DefaultMemoryManager] 1655834624 physical memory requested, 0 released, 1296486400 free
2025-07-19T22:38:52.201-0500 [DEBUG] [org.gradle.process.internal.health.memory.DefaultMemoryManager] 2451575603 virtual memory requested, 1407471616 free
2025-07-19T22:38:52.202-0500 [DEBUG] [org.gradle.workers.internal.WorkerDaemonExpiration] Will attempt to release 2338 of memory
2025-07-19T22:38:52.202-0500 [DEBUG] [org.gradle.process.internal.health.memory.DefaultMemoryManager] 2451575603 virtual memory requested, 0 released, 1407471616 free
2025-07-19T22:38:53.095-0500 [DEBUG] [org.gradle.cache.internal.DefaultFileLockManager] Waiting to acquire shared lock on daemon addresses registry.
2025-07-19T22:38:53.095-0500 [DEBUG] [org.gradle.cache.internal.DefaultFileLockManager] Lock acquired on daemon addresses registry.
2025-07-19T22:38:53.096-0500 [DEBUG] [org.gradle.cache.internal.DefaultFileLockManager] Releasing lock on daemon addresses registry.
2025-07-19T22:38:53.098-0500 [DEBUG] [org.gradle.cache.internal.DefaultFileLockManager] Waiting to acquire shared lock on daemon addresses registry.
2025-07-19T22:38:53.098-0500 [DEBUG] [org.gradle.cache.internal.DefaultFileLockManager] Lock acquired on daemon addresses registry.
2025-07-19T22:38:53.099-0500 [DEBUG] [org.gradle.cache.internal.DefaultFileLockManager] Releasing lock on daemon addresses registry.
2025-07-19T22:38:57.190-0500 [DEBUG] [org.gradle.process.internal.health.memory.DefaultMemoryManager] 1655834624 physical memory requested, 1274306560 free
2025-07-19T22:38:57.190-0500 [DEBUG] [org.gradle.workers.internal.WorkerDaemonExpiration] Will attempt to release 1579 of memory
2025-07-19T22:38:57.190-0500 [DEBUG] [org.gradle.process.internal.health.memory.DefaultMemoryManager] 1655834624 physical memory requested, 0 released, 1274306560 free
2025-07-19T22:38:57.190-0500 [DEBUG] [org.gradle.process.internal.health.memory.DefaultMemoryManager] 2451575603 virtual memory requested, 1444331520 free
2025-07-19T22:38:57.190-0500 [DEBUG] [org.gradle.workers.internal.WorkerDaemonExpiration] Will attempt to release 2338 of memory
2025-07-19T22:38:57.190-0500 [DEBUG] [org.gradle.process.internal.health.memory.DefaultMemoryManager] 2451575603 virtual memory requested, 0 released, 1444331520 free
2025-07-19T22:39:02.194-0500 [DEBUG] [org.gradle.process.internal.health.memory.DefaultMemoryManager] 1655834624 physical memory requested, 1189429248 free
2025-07-19T22:39:02.194-0500 [DEBUG] [org.gradle.workers.internal.WorkerDaemonExpiration] Will attempt to release 1579 of memory
2025-07-19T22:39:02.194-0500 [DEBUG] [org.gradle.process.internal.health.memory.DefaultMemoryManager] 1655834624 physical memory requested, 0 released, 1189429248 free
2025-07-19T22:39:02.194-0500 [DEBUG] [org.gradle.process.internal.health.memory.DefaultMemoryManager] 2451575603 virtual memory requested, 1445011456 free
2025-07-19T22:39:02.194-0500 [DEBUG] [org.gradle.workers.internal.WorkerDaemonExpiration] Will attempt to release 2338 of memory
2025-07-19T22:39:02.194-0500 [DEBUG] [org.gradle.process.internal.health.memory.DefaultMemoryManager] 2451575603 virtual memory requested, 0 released, 1445011456 free
2025-07-19T22:39:03.092-0500 [DEBUG] [org.gradle.cache.internal.DefaultFileLockManager] Waiting to acquire shared lock on daemon addresses registry.
2025-07-19T22:39:03.092-0500 [DEBUG] [org.gradle.cache.internal.DefaultFileLockManager] Lock acquired on daemon addresses registry.
2025-07-19T22:39:03.092-0500 [DEBUG] [org.gradle.cache.internal.DefaultFileLockManager] Releasing lock on daemon addresses registry.
2025-07-19T22:39:03.093-0500 [DEBUG] [org.gradle.cache.internal.DefaultFileLockManager] Waiting to acquire shared lock on daemon addresses registry.
2025-07-19T22:39:03.093-0500 [DEBUG] [org.gradle.cache.internal.DefaultFileLockManager] Lock acquired on daemon addresses registry.
2025-07-19T22:39:03.094-0500 [DEBUG] [org.gradle.cache.internal.DefaultFileLockManager] Releasing lock on daemon addresses registry.
2025-07-19T22:39:03.097-0500 [DEBUG] [org.gradle.cache.internal.DefaultFileLockManager] Waiting to acquire shared lock on daemon addresses registry.
2025-07-19T22:39:03.098-0500 [DEBUG] [org.gradle.cache.internal.DefaultFileLockManager] Lock acquired on daemon addresses registry.
2025-07-19T22:39:03.098-0500 [DEBUG] [org.gradle.cache.internal.DefaultFileLockManager] Releasing lock on daemon addresses registry.
2025-07-19T22:39:03.098-0500 [DEBUG] [org.gradle.launcher.daemon.server.health.LowMemoryDaemonExpirationStrategy] Nearing low physical memory threshold - OS memory {AvailableMemory[physical, total=16558346240, free=1189429248], AvailableMemory[virtual, total=24515756032, free=1445011456]}
2025-07-19T22:39:03.098-0500 [DEBUG] [org.gradle.launcher.daemon.server.health.LowMemoryDaemonExpirationStrategy] Nearing low virtual memory threshold - OS memory {AvailableMemory[physical, total=16558346240, free=1189429248], AvailableMemory[virtual, total=24515756032, free=1445011456]}
2025-07-19T22:39:03.099-0500 [DEBUG] [org.gradle.cache.internal.DefaultFileLockManager] Waiting to acquire shared lock on daemon addresses registry.
2025-07-19T22:39:03.100-0500 [DEBUG] [org.gradle.cache.internal.DefaultFileLockManager] Lock acquired on daemon addresses registry.
2025-07-19T22:39:03.100-0500 [DEBUG] [org.gradle.cache.internal.DefaultFileLockManager] Releasing lock on daemon addresses registry.
2025-07-19T22:39:03.100-0500 [DEBUG] [org.gradle.launcher.daemon.server.DaemonRegistryUpdater] Storing daemon stop event: other compatible daemons were started and after being idle for 0 minutes and not recently used
2025-07-19T22:39:03.101-0500 [DEBUG] [org.gradle.launcher.daemon.registry.PersistentDaemonRegistry] Storing daemon stop event with timestamp 1752982743100
2025-07-19T22:39:03.102-0500 [DEBUG] [org.gradle.cache.internal.DefaultFileLockManager] Waiting to acquire exclusive lock on daemon addresses registry.
2025-07-19T22:39:03.103-0500 [DEBUG] [org.gradle.cache.internal.DefaultFileLockManager] Lock acquired on daemon addresses registry.
2025-07-19T22:39:03.104-0500 [DEBUG] [org.gradle.cache.internal.DefaultFileLockManager] Releasing lock on daemon addresses registry.
2025-07-19T22:39:03.105-0500 [LIFECYCLE] [org.gradle.launcher.daemon.server.DaemonStateCoordinator] Daemon will be stopped at the end of the build other compatible daemons were started and after being idle for 0 minutes and not recently used
2025-07-19T22:39:03.105-0500 [DEBUG] [org.gradle.launcher.daemon.server.DaemonStateCoordinator] Marking daemon stopped due to other compatible daemons were started and after being idle for 0 minutes and not recently used. The daemon is not running a build
2025-07-19T22:39:03.106-0500 [DEBUG] [org.gradle.launcher.daemon.server.DaemonStateCoordinator] daemon has stopped.
2025-07-19T22:39:03.106-0500 [DEBUG] [org.gradle.launcher.daemon.server.Daemon] stop() called on daemon
2025-07-19T22:39:03.106-0500 [INFO] [org.gradle.launcher.daemon.server.Daemon] Stop requested. Daemon is removing its presence from the registry...
2025-07-19T22:39:03.106-0500 [DEBUG] [org.gradle.launcher.daemon.server.DaemonRegistryUpdater] Removing our presence to clients, eg. removing this address from the registry: [e26153a7-ea0f-4c25-94fc-6be4e6852a30 port:50852, addresses:[localhost/127.0.0.1]]
2025-07-19T22:39:03.107-0500 [DEBUG] [org.gradle.launcher.daemon.registry.PersistentDaemonRegistry] Removing daemon address: [e26153a7-ea0f-4c25-94fc-6be4e6852a30 port:50852, addresses:[localhost/127.0.0.1]]
2025-07-19T22:39:03.108-0500 [DEBUG] [org.gradle.cache.internal.DefaultFileLockManager] Waiting to acquire exclusive lock on daemon addresses registry.
2025-07-19T22:39:03.109-0500 [DEBUG] [org.gradle.cache.internal.DefaultFileLockManager] Lock acquired on daemon addresses registry.
2025-07-19T22:39:03.110-0500 [DEBUG] [org.gradle.cache.internal.DefaultFileLockManager] Releasing lock on daemon addresses registry.
2025-07-19T22:39:03.111-0500 [DEBUG] [org.gradle.launcher.daemon.server.DaemonRegistryUpdater] Address removed from registry.
2025-07-19T22:39:03.127-0500 [DEBUG] [org.gradle.cache.internal.DefaultCacheCleanupExecutor] jars (C:\Users\Saram\IdeaProjects\Mobile\mobile_automation\caches\jars-9) has last been fully cleaned up 8 hours ago
2025-07-19T22:39:03.127-0500 [DEBUG] [org.gradle.cache.internal.DefaultCacheCleanupExecutor] Skipping cleanup for jars (C:\Users\Saram\IdeaProjects\Mobile\mobile_automation\caches\jars-9) as it is not yet due
2025-07-19T22:39:03.127-0500 [DEBUG] [org.gradle.cache.internal.DefaultCacheCoordinator] Cache jars (C:\Users\Saram\IdeaProjects\Mobile\mobile_automation\caches\jars-9) was closed 3 times.
2025-07-19T22:39:03.128-0500 [DEBUG] [org.gradle.cache.internal.DefaultCacheCoordinator] Cache file content cache (C:\Users\Saram\IdeaProjects\Mobile\mobile_automation\caches\8.14.3\fileContent) was closed 2 times.
2025-07-19T22:39:03.128-0500 [DEBUG] [org.gradle.internal.watch.vfs.impl.WatchingVirtualFileSystem] Closing VFS, dropping state
2025-07-19T22:39:03.129-0500 [DEBUG] [org.gradle.cache.internal.DefaultCacheCoordinator] Cache Generated Gradle JARs cache (C:\Users\Saram\IdeaProjects\Mobile\mobile_automation\caches\8.14.3\generated-gradle-jars) was closed 0 times.
2025-07-19T22:39:03.129-0500 [DEBUG] [org.gradle.internal.watch.registry.impl.DefaultFileWatcherRegistry] Finished listening to file system change events
2025-07-19T22:39:03.129-0500 [DEBUG] [org.gradle.cache.internal.LockOnDemandCrossProcessCacheAccess] Releasing file lock for artifact cache (C:\Users\Saram\IdeaProjects\Mobile\mobile_automation\caches\modules-2)
2025-07-19T22:39:03.129-0500 [DEBUG] [org.gradle.cache.internal.btree.BTreePersistentIndexedCache] Closing cache module-artifact.bin (C:\Users\Saram\IdeaProjects\Mobile\mobile_automation\caches\modules-2\metadata-2.107\module-artifact.bin)
2025-07-19T22:39:03.130-0500 [DEBUG] [org.gradle.cache.internal.btree.BTreePersistentIndexedCache] Closing cache module-metadata.bin (C:\Users\Saram\IdeaProjects\Mobile\mobile_automation\caches\modules-2\metadata-2.107\module-metadata.bin)
2025-07-19T22:39:03.130-0500 [DEBUG] [org.gradle.cache.internal.btree.BTreePersistentIndexedCache] Closing cache resource-at-url.bin (C:\Users\Saram\IdeaProjects\Mobile\mobile_automation\caches\modules-2\metadata-2.107\resource-at-url.bin)
2025-07-19T22:39:03.130-0500 [DEBUG] [org.gradle.cache.internal.btree.BTreePersistentIndexedCache] Closing cache module-artifacts.bin (C:\Users\Saram\IdeaProjects\Mobile\mobile_automation\caches\modules-2\metadata-2.107\module-artifacts.bin)
2025-07-19T22:39:03.131-0500 [DEBUG] [org.gradle.cache.internal.DefaultFileLockManager] Releasing lock on artifact cache (C:\Users\Saram\IdeaProjects\Mobile\mobile_automation\caches\modules-2).
2025-07-19T22:39:03.132-0500 [DEBUG] [org.gradle.cache.internal.DefaultCacheCleanupExecutor] artifact cache (C:\Users\Saram\IdeaProjects\Mobile\mobile_automation\caches\modules-2) has last been fully cleaned up 8 hours ago
2025-07-19T22:39:03.132-0500 [DEBUG] [org.gradle.cache.internal.DefaultCacheCleanupExecutor] Skipping cleanup for artifact cache (C:\Users\Saram\IdeaProjects\Mobile\mobile_automation\caches\modules-2) as it is not yet due
2025-07-19T22:39:03.132-0500 [DEBUG] [org.gradle.cache.internal.DefaultCacheCoordinator] Cache artifact cache (C:\Users\Saram\IdeaProjects\Mobile\mobile_automation\caches\modules-2) was closed 12 times.
2025-07-19T22:39:03.133-0500 [DEBUG] [org.gradle.cache.internal.DefaultCacheCoordinator] Cache groovy-dsl (C:\Users\Saram\IdeaProjects\Mobile\mobile_automation\caches\8.14.3\groovy-dsl) was closed 0 times.
2025-07-19T22:39:03.133-0500 [DEBUG] [org.gradle.cache.internal.DefaultCacheCoordinator] Cache Artifact transforms cache (C:\Users\Saram\IdeaProjects\Mobile\mobile_automation\caches\8.14.3\transforms) was closed 0 times.
2025-07-19T22:39:03.134-0500 [DEBUG] [org.gradle.cache.internal.LockOnDemandCrossProcessCacheAccess] Releasing file lock for journal cache (C:\Users\Saram\IdeaProjects\Mobile\mobile_automation\caches\journal-1)
2025-07-19T22:39:03.134-0500 [DEBUG] [org.gradle.cache.internal.btree.BTreePersistentIndexedCache] Closing cache file-access.bin (C:\Users\Saram\IdeaProjects\Mobile\mobile_automation\caches\journal-1\file-access.bin)
2025-07-19T22:39:03.134-0500 [DEBUG] [org.gradle.cache.internal.DefaultFileLockManager] Releasing lock on journal cache (C:\Users\Saram\IdeaProjects\Mobile\mobile_automation\caches\journal-1).
2025-07-19T22:39:03.135-0500 [DEBUG] [org.gradle.cache.internal.DefaultCacheCoordinator] Cache journal cache (C:\Users\Saram\IdeaProjects\Mobile\mobile_automation\caches\journal-1) was closed 16 times.
2025-07-19T22:39:03.135-0500 [DEBUG] [org.gradle.cache.internal.DefaultCacheCoordinator] Cache file hash cache (C:\Users\Saram\IdeaProjects\Mobile\mobile_automation\caches\8.14.3\fileHashes) was closed 10 times.
2025-07-19T22:39:03.136-0500 [DEBUG] [org.gradle.internal.operations.DefaultBuildOperationRunner] Build operation 'Deleting unused version-specific caches in C:\Users\Saram\IdeaProjects\Mobile\mobile_automation\caches' started
2025-07-19T22:39:03.145-0500 [DEBUG] [org.gradle.cache.internal.VersionSpecificCacheCleanupAction] Processed version-specific caches at C:\Users\Saram\IdeaProjects\Mobile\mobile_automation\caches for cleanup in 0.008 secs
2025-07-19T22:39:03.146-0500 [DEBUG] [org.gradle.internal.operations.DefaultBuildOperationRunner] Completing Build operation 'Deleting unused version-specific caches in C:\Users\Saram\IdeaProjects\Mobile\mobile_automation\caches'
2025-07-19T22:39:03.146-0500 [DEBUG] [org.gradle.internal.operations.DefaultBuildOperationRunner] Build operation 'Deleting unused version-specific caches in C:\Users\Saram\IdeaProjects\Mobile\mobile_automation\caches' completed
2025-07-19T22:39:03.147-0500 [DEBUG] [org.gradle.internal.operations.DefaultBuildOperationRunner] Build operation 'Deleting unused Gradle distributions in C:\Users\Saram\IdeaProjects\Mobile\mobile_automation\wrapper\dists' started
2025-07-19T22:39:03.158-0500 [DEBUG] [org.gradle.internal.operations.DefaultBuildOperationRunner] Completing Build operation 'Deleting unused Gradle distributions in C:\Users\Saram\IdeaProjects\Mobile\mobile_automation\wrapper\dists'
2025-07-19T22:39:03.158-0500 [DEBUG] [org.gradle.internal.operations.DefaultBuildOperationRunner] Build operation 'Deleting unused Gradle distributions in C:\Users\Saram\IdeaProjects\Mobile\mobile_automation\wrapper\dists' completed
2025-07-19T22:39:03.158-0500 [DEBUG] [org.gradle.launcher.daemon.server.Daemon] stop() called on daemon
2025-07-19T22:39:03.158-0500 [INFO] [org.gradle.launcher.daemon.server.Daemon] Stop requested. Daemon is removing its presence from the registry...
2025-07-19T22:39:03.158-0500 [DEBUG] [org.gradle.launcher.daemon.server.DaemonRegistryUpdater] Removing our presence to clients, eg. removing this address from the registry: [e26153a7-ea0f-4c25-94fc-6be4e6852a30 port:50852, addresses:[localhost/127.0.0.1]]
2025-07-19T22:39:03.159-0500 [DEBUG] [org.gradle.launcher.daemon.registry.PersistentDaemonRegistry] Removing daemon address: [e26153a7-ea0f-4c25-94fc-6be4e6852a30 port:50852, addresses:[localhost/127.0.0.1]]
2025-07-19T22:39:03.160-0500 [DEBUG] [org.gradle.cache.internal.DefaultFileLockManager] Waiting to acquire exclusive lock on daemon addresses registry.
2025-07-19T22:39:03.160-0500 [DEBUG] [org.gradle.cache.internal.DefaultFileLockManager] Lock acquired on daemon addresses registry.
2025-07-19T22:39:03.162-0500 [DEBUG] [org.gradle.cache.internal.DefaultFileLockManager] Releasing lock on daemon addresses registry.
2025-07-19T22:39:03.163-0500 [DEBUG] [org.gradle.launcher.daemon.server.DaemonRegistryUpdater] Address removed from registry.
2025-07-19T22:39:03.163-0500 [DEBUG] [org.gradle.cache.internal.locklistener.DefaultFileLockContentionHandler] File lock listener thread completed.
Daemon vm is shutting down... The daemon has exited normally or was terminated in response to a user interrupt.
2025-07-19T22:39:03.165-0500 [DEBUG] [org.gradle.launcher.daemon.registry.PersistentDaemonRegistry] Removing daemon address: [e26153a7-ea0f-4c25-94fc-6be4e6852a30 port:50852, addresses:[localhost/127.0.0.1]]
2025-07-19T22:39:03.166-0500 [DEBUG] [org.gradle.launcher.daemon.server.Daemon] VM shutdown hook was unable to remove the daemon address from the registry. It will be cleaned up later.
java.lang.IllegalStateException: Cannot start managing file contention because this handler has been closed.
	at org.gradle.cache.internal.locklistener.DefaultFileLockContentionHandler.assertNotStopped(DefaultFileLockContentionHandler.java:248)
	at org.gradle.cache.internal.locklistener.DefaultFileLockContentionHandler.reservePort(DefaultFileLockContentionHandler.java:286)
	at org.gradle.cache.internal.DefaultFileLockManager.lock(DefaultFileLockManager.java:124)
	at org.gradle.cache.internal.DefaultFileLockManager.lock(DefaultFileLockManager.java:106)
	at org.gradle.cache.internal.DefaultFileLockManager.lock(DefaultFileLockManager.java:101)
	at org.gradle.cache.internal.OnDemandFileAccess.updateFile(OnDemandFileAccess.java:51)
	at org.gradle.cache.internal.FileBackedObjectHolder.update(FileBackedObjectHolder.java:77)
	at org.gradle.cache.internal.FileIntegrityViolationSuppressingObjectHolderDecorator.lambda$update$0(FileIntegrityViolationSuppressingObjectHolderDecorator.java:48)
	at org.gradle.cache.internal.FileIntegrityViolationSuppressingObjectHolderDecorator.doUpdate(FileIntegrityViolationSuppressingObjectHolderDecorator.java:58)
	at org.gradle.cache.internal.FileIntegrityViolationSuppressingObjectHolderDecorator.update(FileIntegrityViolationSuppressingObjectHolderDecorator.java:48)
	at org.gradle.launcher.daemon.registry.PersistentDaemonRegistry.remove(PersistentDaemonRegistry.java:133)
	at org.gradle.launcher.daemon.server.Daemon$1.run(Daemon.java:133)
	at java.base/java.lang.Thread.run(Thread.java:1623)
